<?xml version="1.0" encoding="UTF-8"?>
<testng-results skipped="0" failed="0" total="0" passed="0">
  <reporter-output>
  </reporter-output>
  <suite name="Appautomation.AppautomationLogin.AppTest" duration-ms="18" started-at="2015-09-16T06:43:59Z" finished-at="2015-09-16T06:43:59Z">
    <groups>
    </groups>
    <test name="Command line test" duration-ms="18" started-at="2015-09-16T06:43:59Z" finished-at="2015-09-16T06:43:59Z">
    </test> <!-- Command line test -->
  </suite> <!-- Appautomation.AppautomationLogin.AppTest -->
</testng-results>
